0 info it worked if it ends with ok
1 verbose cli [ '/Users/tim/.nvm/versions/node/v4.2.1/bin/node',
1 verbose cli   '/Users/tim/.nvm/versions/node/v4.2.1/bin/npm',
1 verbose cli   'install' ]
2 info using npm@2.14.7
3 info using node@v4.2.1
4 verbose readDependencies loading dependencies from /Users/tim/Desktop/coder-dojo-signup/package.json
5 warn package.json Dependency 'express' exists in both dependencies and devDependencies, using 'express@^4.13.3' from dependencies
6 verbose install where, deps [ '/Users/tim/Desktop/coder-dojo-signup',
6 verbose install   [ 'body-parser',
6 verbose install     'express',
6 verbose install     'lodash',
6 verbose install     'mongodb',
6 verbose install     'mongoose',
6 verbose install     'browserify',
6 verbose install     'browserify-css',
6 verbose install     'browserify-shim',
6 verbose install     'del',
6 verbose install     'fs-extra',
6 verbose install     'gulp',
6 verbose install     'gulp-angular-templatecache',
6 verbose install     'gulp-autoprefixer',
6 verbose install     'gulp-concat',
6 verbose install     'gulp-eslint',
6 verbose install     'gulp-inject',
6 verbose install     'gulp-less',
6 verbose install     'gulp-livereload',
6 verbose install     'gulp-load-plugins',
6 verbose install     'gulp-minify-html',
6 verbose install     'gulp-ng-annotate',
6 verbose install     'gulp-open',
6 verbose install     'gulp-rename',
6 verbose install     'gulp-sourcemaps',
6 verbose install     'gulp-uglify',
6 verbose install     'gulp-util',
6 verbose install     'path',
6 verbose install     'run-sequence',
6 verbose install     'stream-series',
6 verbose install     'tiny-lr',
6 verbose install     'vinyl-source-stream' ] ]
7 verbose install where, peers [ '/Users/tim/Desktop/coder-dojo-signup', [] ]
8 verbose installManyTop reading for lifecycle /Users/tim/Desktop/coder-dojo-signup/package.json
9 info preinstall coderdojo-signup@0.0.0
10 verbose unsafe-perm in lifecycle true
11 info coderdojo-signup@0.0.0 Failed to exec preinstall script
12 verbose stack Error: coderdojo-signup@0.0.0 preinstall: `npm install -g bower gulp browserify`
12 verbose stack Exit status 243
12 verbose stack     at EventEmitter.<anonymous> (/Users/tim/.nvm/versions/node/v4.2.1/lib/node_modules/npm/lib/utils/lifecycle.js:214:16)
12 verbose stack     at emitTwo (events.js:87:13)
12 verbose stack     at EventEmitter.emit (events.js:172:7)
12 verbose stack     at ChildProcess.<anonymous> (/Users/tim/.nvm/versions/node/v4.2.1/lib/node_modules/npm/lib/utils/spawn.js:24:14)
12 verbose stack     at emitTwo (events.js:87:13)
12 verbose stack     at ChildProcess.emit (events.js:172:7)
12 verbose stack     at maybeClose (internal/child_process.js:818:16)
12 verbose stack     at Process.ChildProcess._handle.onexit (internal/child_process.js:211:5)
13 verbose pkgid coderdojo-signup@0.0.0
14 verbose cwd /Users/tim/Desktop/coder-dojo-signup
15 error Darwin 15.0.0
16 error argv "/Users/tim/.nvm/versions/node/v4.2.1/bin/node" "/Users/tim/.nvm/versions/node/v4.2.1/bin/npm" "install"
17 error node v4.2.1
18 error npm  v2.14.7
19 error code ELIFECYCLE
20 error coderdojo-signup@0.0.0 preinstall: `npm install -g bower gulp browserify`
20 error Exit status 243
21 error Failed at the coderdojo-signup@0.0.0 preinstall script 'npm install -g bower gulp browserify'.
21 error This is most likely a problem with the coderdojo-signup package,
21 error not with npm itself.
21 error Tell the author that this fails on your system:
21 error     npm install -g bower gulp browserify
21 error You can get their info via:
21 error     npm owner ls coderdojo-signup
21 error There is likely additional logging output above.
22 verbose exit [ 1, true ]
